[INFO] docs_cache.json が存在しないため full モードで実行します
[MODE] 全ページ取得 (FULL)
[1] ログイン中...
[1] ログイン完了
[2] ワークフロー画面へ...
[3] 作成分（完了）を選択中...
[3] '作成分（完了）' 選択完了 → リスト更新待ち...
    frame数: 0
[4] ページ 1 を取得中...
    行数: 100
    SAMPLE[0] title='契約連絡表（経営・企画）34 箕面\xa003/04~03/09 ボートピア梅田開設19周年記念競走 住之江ゼミナール'  doc_id=4695
    SAMPLE[1] title='契約連絡表（経営・企画）34 箕面\xa003/04~03/09 ボートピア梅田開設19周年記念競走 アクアライブステーション'  doc_id=4691
    SAMPLE[2] title='第６９回近畿地区選手権競走（式典一式）契約書・提出の件'  doc_id=4676
    → 100 件
  → 次ページへ移動
[4] ページ 2 を取得中...
    行数: 100
    SAMPLE[0] title='契約連絡表（経営・企画）関西広告・2025ダイスポジャンピーカップ・音響スタッフ費'  doc_id=2534
    SAMPLE[1] title='契約連絡表（経営・企画）弘報館・ＧＩ第53回高松宮記念特別競走・音響スタッフ費'  doc_id=2405
    SAMPLE[2] title='R7年12月・伊丹市・イベント運営業務（芝生広場）・企画書・見積書・提出の件'  doc_id=2391
    → 100 件
  → 次ページへ移動
[4] ページ 3 を取得中...
    行数: 14
    SAMPLE[0] title='外注費連絡表（メディア）栗原 ４月スタッフ応援費'  doc_id=753
    SAMPLE[1] title='外注費連絡表（メディア）栗原・太閤賞(4/12_4/17)式典'  doc_id=751
    SAMPLE[2] title='ＧⅠ太閤賞競走開設69周年記念（式典一式）契約書・提出の件'  doc_id=715
    → 14 件
[4] 全 3 ページ完了
[5] 一覧: 全 214 件
[5] 一覧保存完了（214 件）

[6] 書類内容取得: 214 件（未取得分）
  [1/214] 契約連絡表（経営・企画）34 箕面 03/04~03/09 ボートピア梅田開設19周年記念競走 住之江ゼミナー
    -> OK  ['契約連絡表', '無題1', '無題2', '無題3', '契約先名', '無題4', '無題5', '契約担当', '業務対象', '所在地', '業務日', '請求内容／項目・単価・人員等', '無題6', '無題7', '無題8', '社名：']
  [2/214] 契約連絡表（経営・企画）34 箕面 03/04~03/09 ボートピア梅田開設19周年記念競走 アクアライブス
    -> OK  ['契約連絡表', '無題1', '無題2', '無題3', '契約先名', '無題4', '無題5', '契約担当', '業務対象', '所在地', '業務日', '請求内容／項目・単価・人員等', '無題6', '無題7', '無題8', '社名：']
  [3/214] 第６９回近畿地区選手権競走（式典一式）契約書・提出の件
    -> OK  ['起案日', '所属', '起案者', '無題1', '無題2', '無題3', '無題4']
  [4/214] 契約連絡表（経営・企画）33 都市 02/22~02/28 トランスワードトロフィー2026 アクアライブステ
    -> OK  ['契約連絡表', '無題1', '無題2', '無題3', '契約先名', '無題4', '無題5', '契約担当', '業務対象', '所在地', '業務日', '請求内容／項目・単価・人員等', '無題6', '無題7', '無題8', '社名：']
  [5/214] 契約連絡表（経営・企画）33 都市 02/22~02/28 トランスワードトロフィー2026 表彰式
    -> OK  ['契約連絡表', '無題1', '無題2', '無題3', '契約先名', '無題4', '無題5', '契約担当', '業務対象', '所在地', '業務日', '請求内容／項目・単価・人員等', '無題6', '無題7', '無題8', '社名：', 'その他']
  [6/214] 旧・アクアライブステーション資機材・処分について
    -> OK  ['起案日', '所属', '起案者', '無題1', '無題2', '無題3', '無題4']
  [7/214] 式典一式（GⅠ太閤賞競走開設70周年記念）企画書・見積書・提出の件
    -> OK  ['起案日', '所属', '起案者', '無題1', '無題2', '無題3', '無題4']
  [8/214] 外注費連絡表（メディア）栗原・GⅠ第69回近畿地区選手権競走期間(2/4_2/9)式典
    -> OK  ['無題1', '無題2', '無題3', '無題4', '無題5', '外注先名', '無題6', '担当区域', '無題7', '契約担当', '業務対象', 'ＴＥＬ', '所在地', '業務日', '業務内容', '無題8', '支払内訳／項目・単価・人員等', '無題9', '無題10', '銀行名：', '支店名：', '口座番号：', '口座名義：']
  [9/214] 外注費連絡表（メディア）栗原12月スタッフ応援費
    -> OK  ['無題1', '無題2', '無題3', '無題4', '無題5', '外注先名', '無題6', '担当区域', '無題7', '契約担当', '業務対象', 'ＴＥＬ', '所在地', '業務日', '業務内容', '無題8', '支払内訳／項目・単価・人員等', '無題9', '無題10', '銀行名：', '支店名：', '口座番号：', '口座名義：']
  [10/214] 外注費連絡表（メディア）芳松 2026_2月スタッフ応援費
    -> OK  ['無題1', '無題2', '無題3', '無題4', '無題5', '外注先名', '無題6', '担当区域', '無題7', '契約担当', '業務対象', 'ＴＥＬ', '所在地', '業務日', '業務内容', '支払内訳／項目・単価・人員等', '無題8', '無題9', '銀行名：', '支店名：', '口座番号：']
  [11/214] スタッフ応援（山田達也）依頼の件
    -> OK  ['起案日', '所属', '起案者', '無題1', '無題2', '無題3', '無題4']
  [12/214] 契約連絡表（経営・企画）関西広告・近畿地区戦・追加音響費
    -> OK  ['契約連絡表', '無題1', '無題2', '無題3', '契約先名', '無題4', '無題5', '契約担当', '業務対象', 'ＴＥＬ', '所在地', '業務日', '業務内容', '無題6', '請求内容／項目・単価・人員等', '無題7', '無題8', '住所：', '無題9', '社名：', '宛先：']
  [13/214] 契約連絡表（経営・企画）新東通信・近畿地区戦・NMB48ライブ追加音響費
    -> OK  ['契約連絡表', '無題1', '無題2', '無題3', '契約先名', '無題4', '無題5', '契約担当', '業務対象', 'ＴＥＬ', '所在地', '業務日', '業務内容', '無題6', '請求内容／項目・単価・人員等', '無題7', '無題8', '住所：', '無題9', '社名：', '宛先：']
  [14/214] 契約連絡表（経営・企画）32 箕面 2/4~2/9 GⅠ第69回 近畿地区選手権競走・ 式典一式
    -> OK  ['契約連絡表', '無題1', '無題2', '無題3', '契約先名', '無題4', '無題5', '契約担当', '業務対象', '所在地', '業務日', '請求内容／項目・単価・人員等', '無題6', '無題7', '無題8', '社名：']
  [15/214] 契約連絡表（経営・企画）32 箕面 2/4~2/9 GⅠ第69回 近畿地区選手権競走 アクアライブステーション
    -> OK  ['契約連絡表', '無題1', '無題2', '無題3', '契約先名', '無題4', '無題5', '契約担当', '業務対象', '所在地', '業務日', '請求内容／項目・単価・人員等', '無題6', '無題7', '無題8', '社名：']
  [16/214] 契約連絡表（経営・企画）32 箕面 2/4~2/9 GⅠ第69回 近畿地区選手権競走・ 住之江ゼミナール
    -> OK  ['契約連絡表', '無題1', '無題2', '無題3', '契約先名', '無題4', '無題5', '契約担当', '業務対象', '所在地', '業務日', '請求内容／項目・単価・人員等', '無題6', '無題7', '無題8', '社名：']
  [17/214] メディア事業部社員（表木崇）の時給見直しについて
    -> OK  ['起案日', '所属', '起案者', '無題1', '無題2', '無題3', '無題4']
  [18/214] 契約連絡表（経営・企画）31 都市 01/27~02/01 デイリースポーツ旗争奪第67回ホワイトベア競走 表
    -> OK  ['契約連絡表', '無題1', '無題2', '無題3', '契約先名', '無題4', '無題5', '契約担当', '業務対象', '所在地', '業務日', '請求内容／項目・単価・人員等', '無題6', '無題7', '無題8', '社名：', 'その他']
  [19/214] 契約連絡表（経営・企画）31 都市 01/27~02/01 デイリースポーツ旗争奪第67回ホワイトベア競走 ア
    -> OK  ['契約連絡表', '無題1', '無題2', '無題3', '契約先名', '無題4', '無題5', '契約担当', '業務対象', '所在地', '業務日', '請求内容／項目・単価・人員等', '無題6', '無題7', '無題8', '社名：']
  [20/214] 契約連絡表（経営・企画）弘報館・第５９回しぶき杯競走・音響スタッフ費
    -> OK  ['契約連絡表', '無題1', '無題2', '無題3', '契約先名', '無題4', '無題5', '契約担当', '業務対象', 'ＴＥＬ', '所在地', '業務日', '業務内容', '無題6', '請求内容／項目・単価・人員等', '無題7', '無題8', '住所：', '無題9', '社名：', '宛先：']
  [21/214] 選手紹介式・設営スタッフ昼食代の件
    -> OK  ['起案日', '所属', '起案者', '無題1', '無題2', '無題3', '無題4']
  [22/214] 外注費連絡表（メディア）栗原・第64回全大阪王将戦・式典装飾費
    -> OK  ['無題1', '無題2', '無題3', '無題4', '無題5', '外注先名', '無題6', '担当区域', '無題7', '契約担当', '業務対象', 'ＴＥＬ', '所在地', '業務日', '業務内容', '支払内訳／項目・単価・人員等', '無題8', '無題9', '銀行名：', '支店名：', '口座番号：', '口座名義：']
  [23/214] 外注費連絡表（メディア）栗原12月スタッフ応援費
    -> OK  ['無題1', '無題2', '無題3', '無題4', '無題5', '外注先名', '無題6', '担当区域', '無題7', '契約担当', '業務対象', 'ＴＥＬ', '所在地', '業務日', '業務内容', '無題8', '支払内訳／項目・単価・人員等', '無題9', '無題10', '銀行名：', '支店名：', '口座番号：', '口座名義：']
  [24/214] 外注費連絡表（メディア）芳松 2026_1月スタッフ応援費
    -> OK  ['無題1', '無題2', '無題3', '無題4', '無題5', '外注先名', '無題6', '担当区域', '無題7', '契約担当', '業務対象', 'ＴＥＬ', '所在地', '業務日', '業務内容', '支払内訳／項目・単価・人員等', '無題8', '無題9', '銀行名：', '支店名：', '口座番号：']
  [25/214] 契約連絡表（経営・企画）30 箕面 01/11~01/16 にっぽん未来プロジェクト競走ｉｎ住之江・ 住之江ゼ
    -> OK  ['契約連絡表', '無題1', '無題2', '無題3', '契約先名', '無題4', '無題5', '契約担当', '業務対象', '所在地', '業務日', '請求内容／項目・単価・人員等', '無題6', '無題7', '無題8', '社名：']
  [26/214] 契約連絡表（経営・企画）30 箕面 01/11~01/16 にっぽん未来プロジェクト競走ｉｎ住之江 アクアライ
    -> OK  ['契約連絡表', '無題1', '無題2', '無題3', '契約先名', '無題4', '無題5', '契約担当', '業務対象', '所在地', '業務日', '請求内容／項目・単価・人員等', '無題6', '無題7', '無題8', '社名：']
  [27/214] 契約連絡表（経営・企画）関西広告・にっぽん未来プロジェクト競走ｉｎ住之江・音響スタッフ費
    -> OK  ['契約連絡表', '無題1', '無題2', '無題3', '契約先名', '無題4', '無題5', '契約担当', '業務対象', 'ＴＥＬ', '所在地', '業務日', '業務内容', '無題6', '請求内容／項目・単価・人員等', '無題7', '無題8', '住所：', '無題9', '社名：', '宛先：']
  [28/214] オープニングセレモニー出演依頼（永島知洋）GⅠ第69回 近畿地区選手権競走
    -> OK  ['起案日', '所属', '起案者', '無題1', '無題2', '無題3', '無題4']
  [29/214] 契約連絡表（経営・企画）29 都市 01/02~01/07 第64回全大阪王将戦 式典一式
    -> OK  ['契約連絡表', '無題1', '無題2', '無題3', '契約先名', '無題4', '無題5', '契約担当', '業務対象', '所在地', '業務日', '業務内容', '無題6', '請求内容／項目・単価・人員等', '無題7', '無題8', '無題9', '社名：']
  [30/214] 契約連絡表（経営・企画）29 都市 01/02~01/06 第64回全大阪王将戦 住之江ゼミナール
    -> OK  ['契約連絡表', '無題1', '無題2', '無題3', '契約先名', '無題4', '無題5', '契約担当', '業務対象', '所在地', '業務日', '業務内容', '無題6', '請求内容／項目・単価・人員等', '無題7', '無題8', '無題9', '社名：']
  [31/214] 契約連絡表（経営・企画）29 都市 01/02~01/07 第64回全大阪王将戦 アクアライブステーション
    -> OK  ['契約連絡表', '無題1', '無題2', '無題3', '契約先名', '無題4', '無題5', '契約担当', '業務対象', '所在地', '業務日', '請求内容／項目・単価・人員等', '無題6', '無題7', '無題8', '社名：']
  [32/214] 住之江ゼミナール（追加）・契約書・提出の件（第64回全大阪王将戦）
    -> OK  ['起案日', '所属', '起案者', '無題1', '無題2', '無題3', '無題4']
  [33/214] 契約連絡表（経営・企画）28 都市 12/25~12/30 住之江ファイナル競走 表彰式
    -> OK  ['契約連絡表', '無題1', '無題2', '無題3', '契約先名', '無題4', '無題5', '契約担当', '業務対象', '所在地', '業務日', '請求内容／項目・単価・人員等', '無題6', '無題7', '無題8', '社名：', 'その他']
  [34/214] メディア事業部の時給条件見直し（増額）ならびに採用計画について
    -> OK  ['起案日', '所属', '起案者', '無題1', '無題2', '無題3', '無題4']
  [35/214] 契約連絡表（経営・企画）28 都市 12/25~12/30 ＢＴＳりんくう開設13周年記念 住之江ファイナル競
    -> OK  ['契約連絡表', '無題1', '無題2', '無題3', '契約先名', '無題4', '無題5', '契約担当', '業務対象', '所在地', '業務日', '請求内容／項目・単価・人員等', '無題6', '無題7', '無題8', '社名：']
  [36/214] スタジオ装飾費・請書・提出の件（ＳＧ第40回グランプリ）
    -> OK  ['起案日', '所属', '起案者', '無題1', '無題2', '無題3', '無題4']
  [37/214] 式典一式・請書・提出の件（第64回全大阪王将戦）
    -> OK  ['起案日', '所属', '起案者', '無題1', '無題2', '無題3', '無題4']
  [38/214] レジャーチャンネル向け映像・スタッフ応援（山田達也）依頼の件
    -> OK  ['起案日', '所属', '起案者', '無題1', '無題2', '無題3', '無題4']
  [39/214] 外注費連絡表（メディア）芳松12月スタッフ応援費
    -> OK  ['無題1', '無題2', '無題3', '無題4', '無題5', '外注先名', '無題6', '担当区域', '無題7', '契約担当', '業務対象', 'ＴＥＬ', '所在地', '業務日', '業務内容', '支払内訳／項目・単価・人員等', '無題8', '無題9', '銀行名：', '支店名：', '口座番号：']
  [40/214] 契約連絡表（経営・企画）27 箕面 12/16~12/21 ＳＧ第40回グランプリ・ クリスマス装飾
    -> OK  ['契約連絡表', '無題1', '無題2', '無題3', '契約先名', '無題4', '無題5', '契約担当', '業務対象', '所在地', '業務日', '請求内容／項目・単価・人員等', '無題6', '無題7', '無題8', '社名：']
  [41/214] 契約連絡表（経営・企画）27 箕面 12/16~12/21 ＳＧ第40回グランプリ・ 住之江ゼミナール
    -> OK  ['契約連絡表', '無題1', '無題2', '無題3', '契約先名', '無題4', '無題5', '契約担当', '業務対象', '所在地', '業務日', '請求内容／項目・単価・人員等', '無題6', '無題7', '無題8', '社名：']
  [42/214] 契約連絡表（経営・企画）27 箕面 12/16~12/21 ＳＧ第40回グランプリ アクアライブステーション
    -> OK  ['契約連絡表', '無題1', '無題2', '無題3', '契約先名', '無題4', '無題5', '契約担当', '業務対象', '所在地', '業務日', '請求内容／項目・単価・人員等', '無題6', '無題7', '無題8', '社名：']
  [43/214] 外注費連絡表（メディア）栗原・ＳＧ第40回グランプリ(12/16_12/21)スタジオ・クリスマス装飾費
    -> OK  ['無題1', '無題2', '無題3', '無題4', '無題5', '外注先名', '無題6', '担当区域', '無題7', '契約担当', '業務対象', 'ＴＥＬ', '所在地', '業務日', '業務内容', '支払内訳／項目・単価・人員等', '無題8', '無題9', '銀行名：', '支店名：', '口座番号：', '口座名義：']
  [44/214] 外注費連絡表（メディア）栗原12月スタッフ応援費
    -> OK  ['無題1', '無題2', '無題3', '無題4', '無題5', '外注先名', '無題6', '担当区域', '無題7', '契約担当', '業務対象', 'ＴＥＬ', '所在地', '業務日', '業務内容', '無題8', '支払内訳／項目・単価・人員等', '無題9', '無題10', '銀行名：', '支店名：', '口座番号：', '口座名義：']
  [45/214] 契約連絡表（経営・企画）26 都市 11/28~12/03 ルーキーシリーズ第22戦 スカパー！・ＪＬＣ競走 
    -> OK  ['契約連絡表', '無題1', '無題2', '無題3', '契約先名', '無題4', '無題5', '契約担当', '業務対象', '所在地', '業務日', '請求内容／項目・単価・人員等', '無題6', '無題7', '無題8', '社名：']
  [46/214] 式典（GⅠ第69回 近畿地区選手権競走）スタッフ応援（山田達也）依頼の件
    -> OK  ['起案日', '所属', '起案者', '無題1', '無題2', '無題3', '無題4']
  [47/214] 式典（第64回全大阪王将戦）スタッフ応援（山田達也）依頼の件
    -> OK  ['起案日', '所属', '起案者', '無題1', '無題2', '無題3', '無題4']
  [48/214] 契約連絡表（経営・企画）26 都市 11/28~12/03 ルーキーシリーズ第22戦 スカパー！・ＪＬＣ競走 
    -> OK  ['契約連絡表', '無題1', '無題2', '無題3', '契約先名', '無題4', '無題5', '契約担当', '業務対象', '所在地', '業務日', '請求内容／項目・単価・人員等', '無題6', '無題7', '無題8', '社名：']
  [49/214] オープニングセレモニー等式典一式・契約書・提出の件（GⅢ 第36回 大阪スポーツ賞 アクアクイーンカップ・）
    -> OK  ['起案日', '所属', '起案者', '無題1', '無題2', '無題3', '無題4']
  [50/214] 外注費連絡表（メディア）栗原11月スタッフ応援費
    -> OK  ['無題1', '無題2', '無題3', '無題4', '無題5', '外注先名', '無題6', '担当区域', '無題7', '契約担当', '業務対象', 'ＴＥＬ', '所在地', '業務日', '業務内容', '無題8', '支払内訳／項目・単価・人員等', '無題9', '無題10', '銀行名：', '支店名：', '口座番号：', '口座名義：']
  [51/214] R８年1月~３月・伊丹市・イベント運営業務・企画書・見積書・提出の件
    -> OK  ['起案日', '所属', '起案者', '無題1', '無題2', '無題3', '無題4']
  [52/214] 契約連絡表（経営・企画）関西広告・2025マクールカップ・音響スタッフ費
    -> OK  ['契約連絡表', '無題1', '無題2', '無題3', '契約先名', '無題4', '無題5', '契約担当', '業務対象', 'ＴＥＬ', '所在地', '業務日', '業務内容', '無題6', '請求内容／項目・単価・人員等', '無題7', '無題8', '住所：', '無題9', '社名：', '宛先：']
  [53/214] 契約連絡表（経営・企画）25 箕面 11/21~11/24 2025マクールカップ 住之江ゼミナール
    -> OK  ['契約連絡表', '無題1', '無題2', '無題3', '契約先名', '無題4', '無題5', '契約担当', '業務対象', '所在地', '業務日', '請求内容／項目・単価・人員等', '無題6', '無題7', '無題8', '社名：']
  [54/214] 契約連絡表（経営・企画）25 箕面 11/21~11/24 2025マクールカップ アクアライブステーション
    -> OK  ['契約連絡表', '無題1', '無題2', '無題3', '契約先名', '無題4', '無題5', '契約担当', '業務対象', '所在地', '業務日', '請求内容／項目・単価・人員等', '無題6', '無題7', '無題8', '社名：']
  [55/214] 令和8年2月・3月 伊丹市・BR尼崎・イベント参加表明書・提出の件
    -> OK  ['起案日', '所属', '起案者', '無題1', '無題2', '無題3', '無題4']
  [56/214] 式典一式（GⅠ第69回 近畿地区選手権競走）企画書・見積書・提出の件
    -> OK  ['起案日', '所属', '起案者', '無題1', '無題2', '無題3', '無題4']
  [57/214] R８年1月・伊丹市・イベント運営業務・企画書・見積書・提出の件
    -> OK  ['起案日', '所属', '起案者', '無題1', '無題2', '無題3', '無題4']
  [58/214] 契約連絡表（経営・企画）24 箕面 11/13~11/18 デイリースポーツ杯争奪2025サザンカップ  住之
    -> OK  ['契約連絡表', '無題1', '無題2', '無題3', '契約先名', '無題4', '無題5', '契約担当', '業務対象', '所在地', '業務日', '業務内容', '請求内容／項目・単価・人員等', '無題6', '無題7', '無題8', '社名：']
  [59/214] 契約連絡表（経営・企画）24 箕面 11/13~11/18 デイリースポーツ杯争奪2025サザンカップ アクア
    -> OK  ['契約連絡表', '無題1', '無題2', '無題3', '契約先名', '無題4', '無題5', '契約担当', '業務対象', '所在地', '業務日', '請求内容／項目・単価・人員等', '無題6', '無題7', '無題8', '社名：']
  [60/214] アクアライブステーション・予想フォーカス用モニター・購入の件
    -> OK  ['起案日', '所属', '起案者', '無題1', '無題2', '無題3', '無題4']
  [61/214] アクアライブ関係機材・購入の件
    -> OK  ['起案日', '所属', '起案者', '無題1', '無題2', '無題3', '無題4']
  [62/214] P-20HD(インスタントリプレイ機器)及び他の機器・購入の件
    -> OK  ['起案日', '所属', '起案者', '無題1', '無題2', '無題3', '無題4']
  [63/214] 映像機器（コンバーター）・購入の件
    -> OK  ['起案日', '所属', '起案者', '無題1', '無題2', '無題3', '無題4']
  [64/214] 外注費連絡表（メディア）芳松11月スタッフ応援費
    -> OK  ['無題1', '無題2', '無題3', '無題4', '無題5', '外注先名', '無題6', '担当区域', '無題7', '契約担当', '業務対象', 'ＴＥＬ', '所在地', '業務日', '業務内容', '支払内訳／項目・単価・人員等', '無題8', '無題9', '銀行名：', '支店名：', '口座番号：']
  [65/214] 映像卓の機器整理に伴う機材購入の件
    -> OK  ['起案日', '所属', '起案者', '無題1', '無題2', '無題3', '無題4']
  [66/214] MacBook（ノートPC）・購入の件
    -> OK  ['起案日', '所属', '起案者', '無題1', '無題2', '無題3', '無題4']
  [67/214] 音声機材・購入の件
    -> OK  ['起案日', '所属', '起案者', '無題1', '無題2', '無題3', '無題4']
  [68/214] R8年度 ボートレース住之江・箕面市契約料に関わる交渉の報告・２
    -> OK  ['起案日', '所属', '起案者', '無題1', '無題2', '無題3', '無題4']
  [69/214] 伊丹市・BR尼崎・イベント参加表明書・提出の件
    -> OK  ['起案日', '所属', '起案者', '無題1', '無題2', '無題3', '無題4']
  [70/214] 新規機器購入の件
    -> OK  ['起案日', '所属', '起案者', '無題1', '無題2', '無題3', '無題4']
  [71/214] 外注費連絡表（メディア）プライム・GⅢ 第36回  アクアクイーンカップ（10/16_10/21）カメラマン派
    -> OK  ['無題1', '無題2', '無題3', '無題4', '無題5', '外注先名', '無題6', '担当区域', '無題7', '契約担当', '業務対象', 'ＴＥＬ', '所在地', '業務日', '業務内容', '無題8', '支払内訳／項目・単価・人員等', '無題9', '無題10', '支払方法', '銀行名：', '支店名：', '口座番号：']
  [72/214] 契約連絡表（経営・企画）23 都市 11/1~11/6 第8回ａｕじぶん銀行賞 アクアライブステーション
    -> OK  ['契約連絡表', '無題1', '無題2', '無題3', '契約先名', '無題4', '無題5', '契約担当', '業務対象', '所在地', '業務日', '請求内容／項目・単価・人員等', '無題6', '無題7', '無題8', '社名：']
  [73/214] 契約連絡表（経営・企画）関西広告・第8回ａｕじぶん銀行賞・音響スタッフ費
    -> OK  ['契約連絡表', '無題1', '無題2', '無題3', '契約先名', '無題4', '無題5', '契約担当', '業務対象', 'ＴＥＬ', '所在地', '業務日', '業務内容', '無題6', '請求内容／項目・単価・人員等', '無題7', '無題8', '住所：', '無題9', '社名：', '宛先：']
  [74/214] 伊丹市・BR尼崎・イベント参加表明書・提出の件
    -> OK  ['起案日', '所属', '起案者', '無題1', '無題2', '無題3', '無題4']
  [75/214] R8年度 ボートレース住之江・契約料に関わる交渉の報告
    -> OK  ['起案日', '所属', '起案者', '無題1', '無題2', '無題3', '無題4']
  [76/214] 契約連絡表（経営・企画）22 箕面 10/24~10/29 スポニチ杯争奪 第59回住之江選手権競走 住之江ゼ
    -> OK  ['契約連絡表', '無題1', '無題2', '無題3', '契約先名', '無題4', '無題5', '契約担当', '業務対象', '所在地', '業務日', '請求内容／項目・単価・人員等', '無題6', '無題7', '無題8', '社名：']
  [77/214] 契約連絡表（経営・企画）22 箕面 10/24~10/29 スポニチ杯争奪 第59回住之江選手権競走 アクアラ
    -> OK  ['契約連絡表', '無題1', '無題2', '無題3', '契約先名', '無題4', '無題5', '契約担当', '業務対象', '所在地', '業務日', '請求内容／項目・単価・人員等', '無題6', '無題7', '無題8', '社名：']
  [78/214] 外注費連絡表（メディア）芳松10月スタッフ応援費
    -> OK  ['無題1', '無題2', '無題3', '無題4', '無題5', '外注先名', '無題6', '担当区域', '無題7', '契約担当', '業務対象', 'ＴＥＬ', '所在地', '業務日', '業務内容', '支払内訳／項目・単価・人員等', '無題8', '無題9', '銀行名：', '支店名：', '口座番号：']
  [79/214] 外注費連絡表（メディア）栗原・第36回 アクアクイーンカップ(10/16_10/21)式典
    -> OK  ['無題1', '無題2', '無題3', '無題4', '無題5', '外注先名', '無題6', '担当区域', '無題7', '契約担当', '業務対象', 'ＴＥＬ', '所在地', '業務日', '業務内容', '支払内訳／項目・単価・人員等', '無題8', '無題9', '銀行名：', '支店名：', '口座番号：', '口座名義：']
  [80/214] 外注費連絡表（メディア）栗原10月スタッフ応援費
    -> OK  ['無題1', '無題2', '無題3', '無題4', '無題5', '外注先名', '無題6', '担当区域', '無題7', '契約担当', '業務対象', 'ＴＥＬ', '所在地', '業務日', '業務内容', '無題8', '支払内訳／項目・単価・人員等', '無題9', '無題10', '銀行名：', '支店名：', '口座番号：', '口座名義：']
  [81/214] 契約連絡表（経営・企画）21 都市 10/16~10/21 GⅢ 第36回 アクアクイーンカップ 小切手パネル
    -> OK  ['契約連絡表', '無題1', '無題2', '無題3', '契約先名', '無題4', '無題5', '契約担当', '業務対象', '所在地', '業務日', '業務内容', '請求内容／項目・単価・人員等', '無題6', '無題7', '無題8', '社名：']
  [82/214] 契約連絡表（経営・企画）21 都市 10/16~10/21 GⅢ 第36回 アクアクイーンカップ 式典一式
    -> OK  ['契約連絡表', '無題1', '無題2', '無題3', '契約先名', '無題4', '無題5', '契約担当', '業務対象', '所在地', '業務日', '業務内容', '請求内容／項目・単価・人員等', '無題6', '無題7', '無題8', '社名：']
  [83/214] オープニングセレモニー等式典一式・契約書・提出の件（GⅢ 第36回 大阪スポーツ賞 アクアクイーンカップ・）
    -> OK  ['起案日', '所属', '起案者', '無題1', '無題2', '無題3', '無題4']
  [84/214] 契約連絡表（経営・企画）21 都市 10/16~10/21 GⅢ 第36回 アクアクイーンカップ アクアライブ
    -> OK  ['契約連絡表', '無題1', '無題2', '無題3', '契約先名', '無題4', '無題5', '契約担当', '業務対象', '所在地', '業務日', '請求内容／項目・単価・人員等', '無題6', '無題7', '無題8', '社名：']
  [85/214] 契約連絡表（経営・企画）スタジオ新設に伴う業務委託
    -> OK  ['契約連絡表', '無題1', '無題2', '無題3', '契約先名', '無題4', '無題5', '契約担当', '業務対象', '所在地', '業務日', '請求内容／項目・単価・人員等', '無題6', '無題7', '無題8', '社名：']
  [86/214] 契約連絡表（経営・企画）20 都市 10/09~10/13 報知新聞社賞 第61回ダイナミック敢闘旗 アクアラ
    -> OK  ['契約連絡表', '無題1', '無題2', '無題3', '契約先名', '無題4', '無題5', '契約担当', '業務対象', '所在地', '業務日', '請求内容／項目・単価・人員等', '無題6', '無題7', '無題8', '社名：']
  [87/214] レジャーチャンネル向け映像・スタッフ応援（山田達也）依頼の件
    -> OK  ['起案日', '所属', '起案者', '無題1', '無題2', '無題3', '無題4']
  [88/214] 式典（アクアクイーンカップ）スタッフ応援（山田達也）依頼の件
    -> OK  ['起案日', '所属', '起案者', '無題1', '無題2', '無題3', '無題4']
  [89/214] 新・アクアライブステーション公開スタジオ制作費・契約書・提出の件
    -> OK  ['起案日', '所属', '起案者', '無題1', '無題2', '無題3', '無題4']
  [90/214] 外注費連絡表（メディア）プライム・ＧＩ第53回高松宮記念特別競走（9/8_8/13）住之江ゼミナール・オフ会・
    -> OK  ['無題1', '無題2', '無題3', '無題4', '無題5', '外注先名', '無題6', '担当区域', '無題7', '契約担当', '業務対象', 'ＴＥＬ', '所在地', '業務日', '業務内容', '無題8', '支払内訳／項目・単価・人員等', '無題9', '無題10', '支払方法', '銀行名：', '支店名：', '口座番号：']
  [91/214] 遠隔操作カメラ・購入の件
    -> OK  ['起案日', '所属', '起案者', '無題1', '無題2', '無題3', '無題4']
  [92/214] 契約連絡表（経営・企画）19 箕面・10/1~10/6 サンケイスポーツ創刊70周年記念 第54回飛龍賞競走 
    -> OK  ['契約連絡表', '無題1', '無題2', '無題3', '契約先名', '無題4', '無題5', '契約担当', '業務対象', '所在地', '業務日', '請求内容／項目・単価・人員等', '無題6', '無題7', '無題8', '社名：']
  [93/214] 契約連絡表（経営・企画）19 箕面 10/01~10/06 サンケイスポーツ創刊70周年記念 第54回飛龍賞競
    -> OK  ['契約連絡表', '無題1', '無題2', '無題3', '契約先名', '無題4', '無題5', '契約担当', '業務対象', '所在地', '業務日', '請求内容／項目・単価・人員等', '無題6', '無題7', '無題8', '社名：']
  [94/214] 契約連絡表（経営・企画）18 都市 09/25~09/28 富田市制75周年記念競走 アクアライブステーション
    -> OK  ['契約連絡表', '無題1', '無題2', '無題3', '契約先名', '無題4', '無題5', '契約担当', '業務対象', '所在地', '業務日', '請求内容／項目・単価・人員等', '無題6', '無題7', '無題8', '社名：']
  [95/214] 外注費連絡表（メディア）栗原９月スタッフ応援費
    -> OK  ['無題1', '無題2', '無題3', '無題4', '無題5', '外注先名', '無題6', '担当区域', '無題7', '契約担当', '業務対象', 'ＴＥＬ', '所在地', '業務日', '業務内容', '無題8', '支払内訳／項目・単価・人員等', '無題9', '無題10', '銀行名：', '支店名：', '口座番号：', '口座名義：']
  [96/214] 外注費連絡表（メディア）芳松9月スタッフ応援費
    -> OK  ['無題1', '無題2', '無題3', '無題4', '無題5', '外注先名', '無題6', '担当区域', '無題7', '契約担当', '業務対象', 'ＴＥＬ', '所在地', '業務日', '業務内容', '支払内訳／項目・単価・人員等', '無題8', '無題9', '銀行名：', '支店名：', '口座番号：']
  [97/214] 契約連絡表（経営・企画）16 都市 09/8~09/13 ＧＩ第53回高松宮記念特別競走 住之江ゼミナールオフ
    -> OK  ['契約連絡表', '無題1', '無題2', '無題3', '契約先名', '無題4', '無題5', '契約担当', '業務対象', '所在地', '業務日', '請求内容／項目・単価・人員等', '無題6', '無題7', '無題8', '社名：']
  [98/214] ファン招待席イベントに関わる請書・提出の件
    -> OK  ['起案日', '所属', '起案者', '無題1', '無題2', '無題3', '無題4']
  [99/214] 契約連絡表（経営・企画）17 箕面・09/17~09/21 2025ダイスポジャンピーカップ 住之江ゼミナール
    -> OK  ['契約連絡表', '無題1', '無題2', '無題3', '契約先名', '無題4', '無題5', '契約担当', '業務対象', '所在地', '業務日', '請求内容／項目・単価・人員等', '無題6', '無題7', '無題8', '社名：']
  [100/214] 契約連絡表（経営・企画）17 箕面 09/17~09/21 日本モーターボート選手会会長杯争奪 2025ダイス
    -> OK  ['契約連絡表', '無題1', '無題2', '無題3', '契約先名', '無題4', '無題5', '契約担当', '業務対象', '所在地', '業務日', '請求内容／項目・単価・人員等', '無題6', '無題7', '無題8', '社名：']
  [101/214] 契約連絡表（経営・企画）関西広告・2025ダイスポジャンピーカップ・音響スタッフ費
    -> OK  ['契約連絡表', '無題1', '無題2', '無題3', '契約先名', '無題4', '無題5', '契約担当', '業務対象', 'ＴＥＬ', '所在地', '業務日', '業務内容', '無題6', '請求内容／項目・単価・人員等', '無題7', '無題8', '住所：', '無題9', '社名：', '宛先：']
  [102/214] 契約連絡表（経営・企画）弘報館・ＧＩ第53回高松宮記念特別競走・音響スタッフ費
    -> OK  ['契約連絡表', '無題1', '無題2', '無題3', '契約先名', '無題4', '無題5', '契約担当', '業務対象', 'ＴＥＬ', '所在地', '業務日', '業務内容', '無題6', '請求内容／項目・単価・人員等', '無題7', '無題8', '住所：', '無題9', '社名：', '宛先：']
  [103/214] R7年12月・伊丹市・イベント運営業務（芝生広場）・企画書・見積書・提出の件
    -> OK  ['起案日', '所属', '起案者', '無題1', '無題2', '無題3', '無題4']
  [104/214] 選手紹介式等一式・ＳＧ第40回グランプリ（09/08~09/13）企画書・見積書・提出の件
    -> OK  ['起案日', '所属', '起案者', '無題1', '無題2', '無題3', '無題4']
  [105/214] 外注費連絡表（メディア）栗原８月スタッフ応援費
    -> OK  ['無題1', '無題2', '無題3', '無題4', '無題5', '外注先名', '無題6', '担当区域', '無題7', '契約担当', '業務対象', 'ＴＥＬ', '所在地', '業務日', '業務内容', '無題8', '支払内訳／項目・単価・人員等', '無題9', '無題10', '銀行名：', '支店名：', '口座番号：', '口座名義：']
  [106/214] 契約連絡表（経営・企画）16 都市 09/08~09/13 ＧＩ第53回高松宮記念特別競走 アクアライブステー
    -> OK  ['契約連絡表', '無題1', '無題2', '無題3', '契約先名', '無題4', '無題5', '契約担当', '業務対象', '所在地', '業務日', '請求内容／項目・単価・人員等', '無題6', '無題7', '無題8', '社名：']
  [107/214] 契約連絡表（経営・企画）15 都市 09/01~09/05 吹田市制85周年記念競走 アクアライブステーション
    -> OK  ['契約連絡表', '無題1', '無題2', '無題3', '契約先名', '無題4', '無題5', '契約担当', '業務対象', '所在地', '業務日', '請求内容／項目・単価・人員等', '無題6', '無題7', '無題8', '社名：']
  [108/214] 外注費連絡表（メディア）くるめし（サンドイッチハイジ）・ＧＩ第53回高松宮記念特別競走（9/8_9/13）
    -> OK  ['無題1', '無題2', '無題3', '無題4', '無題5', '外注先名', '無題6', '担当区域', '無題7', '契約担当', '業務対象', 'ＴＥＬ', '所在地', '業務日', '業務内容', '支払内訳／項目・単価・人員等', '無題8', '無題9', '銀行名：', '支店名：', '口座番号：']
  [109/214] カメラ用配線ケーブル・購入の件
    -> OK  ['起案日', '所属', '起案者', '無題1', '無題2', '無題3', '無題4']
  [110/214] 契約連絡表（経営・企画） 都市 追加業務精算一式（※R６年度・未精算金処理）
    -> OK  ['契約連絡表', '無題1', '無題2', '無題3', '契約先名', '無題4', '無題5', '契約担当', '業務対象', '所在地', '業務日', '業務内容', '請求内容／項目・単価・人員等', '無題6', '無題7', '無題8', '社名：', 'その他']
  [111/214] スタッフ用テーブル購入の件
    -> OK  ['起案日', '所属', '起案者', '無題1', '無題2', '無題3', '無題4']
  [112/214] 外注費連絡表（メディア）プライム・大阪ダービー第42回摂河泉競走（8/14_8/19）住之江ゼミナール・オフ会
    -> OK  ['無題1', '無題2', '無題3', '無題4', '無題5', '外注先名', '無題6', '担当区域', '無題7', '契約担当', '業務対象', 'ＴＥＬ', '所在地', '業務日', '業務内容', '無題8', '支払内訳／項目・単価・人員等', '無題9', '無題10', '支払方法', '銀行名：', '支店名：', '口座番号：']
  [113/214] 外注費連絡表（メディア）プライム・大阪ダービー第42回摂河泉競走（8/14_8/19）カメラマン派遣料
    -> OK  ['無題1', '無題2', '無題3', '無題4', '無題5', '外注先名', '無題6', '担当区域', '無題7', '契約担当', '業務対象', 'ＴＥＬ', '所在地', '業務日', '業務内容', '無題8', '支払内訳／項目・単価・人員等', '無題9', '無題10', '支払方法', '銀行名：', '支店名：', '口座番号：']
  [114/214] 契約連絡表（経営・企画）14 箕面 08/22~08/27 日刊スポーツ盾争奪 ニッカン・コム杯 第５９回しぶ
    -> OK  ['契約連絡表', '無題1', '無題2', '無題3', '契約先名', '無題4', '無題5', '契約担当', '業務対象', '所在地', '業務日', '請求内容／項目・単価・人員等', '無題6', '無題7', '無題8', '社名：']
  [115/214] 契約連絡表（経営・企画）14 箕面 08/22~08/27 日刊スポーツ盾争奪 ニッカン・コム杯 第５９回しぶ
    -> OK  ['契約連絡表', '無題1', '無題2', '無題3', '契約先名', '無題4', '無題5', '契約担当', '業務対象', '所在地', '業務日', '請求内容／項目・単価・人員等', '無題6', '無題7', '無題8', '社名：']
  [116/214] 契約連絡表（経営・企画）関西広告・第５９回しぶき杯競走・音響スタッフ費
    -> OK  ['契約連絡表', '無題1', '無題2', '無題3', '契約先名', '無題4', '無題5', '契約担当', '業務対象', 'ＴＥＬ', '所在地', '業務日', '業務内容', '無題6', '請求内容／項目・単価・人員等', '無題7', '無題8', '住所：', '無題9', '社名：', '宛先：']
  [117/214] 伊丹市・BR尼崎・芝生広場イベント参加表明書・提出の件
    -> OK  ['起案日', '所属', '起案者', '無題1', '無題2', '無題3', '無題4']
  [118/214] 外注費連絡表（メディア）アクアライブステーション改修工事費(ケイプランニング)
    -> OK  ['無題1', '無題2', '無題3', '無題4', '無題5', '外注先名', '無題6', '担当区域', '無題7', '契約担当', '業務対象', 'ＴＥＬ', '所在地', '業務日', '業務内容', '支払内訳／項目・単価・人員等', '無題8', '無題9', '銀行名：', '支店名：', '口座番号：', '口座名義：']
  [119/214] 外注費連絡表（メディア）栗原・大阪ダービー第42回摂河泉競走(8/14_8/19)式典
    -> OK  ['無題1', '無題2', '無題3', '無題4', '無題5', '外注先名', '無題6', '担当区域', '無題7', '契約担当', '業務対象', 'ＴＥＬ', '所在地', '業務日', '業務内容', '支払内訳／項目・単価・人員等', '無題8', '無題9', '銀行名：', '支店名：', '口座番号：', '口座名義：']
  [120/214] 外注費連絡表（メディア）芳松8月スタッフ応援費
    -> OK  ['無題1', '無題2', '無題3', '無題4', '無題5', '外注先名', '無題6', '担当区域', '無題7', '契約担当', '業務対象', 'ＴＥＬ', '所在地', '業務日', '業務内容', '支払内訳／項目・単価・人員等', '無題8', '無題9', '銀行名：', '支店名：', '口座番号：']
  [121/214] 同軸ケーブル購入の件
    -> OK  ['起案日', '所属', '起案者', '無題1', '無題2', '無題3', '無題4']
  [122/214] ビデオサロン（月刊誌）・契約更新の件
    -> OK  ['起案日', '所属', '起案者', '無題1', '無題2', '無題3', '無題4']
  [123/214] 契約連絡表（経営・企画）13 都市 07/15~08/19 大阪ダービー第42回摂河泉競走 式典一式
    -> OK  ['契約連絡表', '無題1', '無題2', '無題3', '契約先名', '無題4', '無題5', '契約担当', '業務対象', '所在地', '業務日', '請求内容／項目・単価・人員等', '無題6', '無題7', '無題8', '社名：']
  [124/214] 契約連絡表（経営・企画）13 都市 07/16~08/15 大阪ダービー第42回摂河泉競走 住之江ゼミナールオ
    -> OK  ['契約連絡表', '無題1', '無題2', '無題3', '契約先名', '無題4', '無題5', '契約担当', '業務対象', '所在地', '業務日', '請求内容／項目・単価・人員等', '無題6', '無題7', '無題8', '社名：']
  [125/214] 映像機器購入の件
    -> OK  ['起案日', '所属', '起案者', '無題1', '無題2', '無題3', '無題4']
  [126/214] イベント用賞品・購入の件（住之江ゼミナールオフ会・ＧＩ第53回高松宮記念特別競走）
    -> OK  ['起案日', '所属', '起案者', '無題1', '無題2', '無題3', '無題4']
  [127/214] 外注費連絡表（メディア）サンワサプライ（公開スタジオ設置・機材関係）
    -> OK  ['無題1', '無題2', '無題3', '無題4', '無題5', '外注先名', '無題6', '担当区域', '無題7', '契約担当', '業務対象', 'ＴＥＬ', '所在地', '業務日', '業務内容', '支払内訳／項目・単価・人員等', '無題8', '無題9', '銀行名：', '支店名：', '口座番号：', '口座名義：', 'その他']
  [128/214] 契約連絡表（経営・企画）13 都市 08/14~08/19 大阪ダービー第42回摂河泉競走 アクアライブステー
    -> OK  ['契約連絡表', '無題1', '無題2', '無題3', '契約先名', '無題4', '無題5', '契約担当', '業務対象', '所在地', '業務日', '請求内容／項目・単価・人員等', '無題6', '無題7', '無題8', '社名：']
  [129/214] 契約連絡表（経営・企画）12 箕面・07/29~08/01 第18回森下仁丹杯争奪戦 アクアライブステーション
    -> OK  ['契約連絡表', '無題1', '無題2', '無題3', '契約先名', '無題4', '無題5', '契約担当', '業務対象', '所在地', '業務日', '請求内容／項目・単価・人員等', '無題6', '無題7', '無題8', '社名：']
  [130/214] 契約連絡表（経営・企画）12 箕面・07/29~08/01 第18回森下仁丹杯争奪戦 アクアライブステーション
    -> OK  ['契約連絡表', '無題1', '無題2', '無題3', '契約先名', '無題4', '無題5', '契約担当', '業務対象', '所在地', '業務日', '請求内容／項目・単価・人員等', '無題6', '無題7', '無題8', '社名：']
  [131/214] 外注費連絡表（メディア）くるめし（サンドイッチハイジ）・大阪ダービー第42回摂河泉競走（8/14_8/19）カ
    -> OK  ['無題1', '無題2', '無題3', '無題4', '無題5', '外注先名', '無題6', '担当区域', '無題7', '契約担当', '業務対象', 'ＴＥＬ', '所在地', '業務日', '業務内容', '支払内訳／項目・単価・人員等', '無題8', '無題9', '銀行名：', '支店名：', '口座番号：']
  [132/214] 住之江ゼミナール・オフ会・機材購入の件
    -> OK  ['起案日', '所属', '起案者', '無題1', '無題2', '無題3', '無題4']
  [133/214] 新スタジオに関わる配線等の備品購入の件
    -> OK  ['起案日', '所属', '起案者', '無題1', '無題2', '無題3', '無題4']
  [134/214] 外注費連絡表（メディア）アクアライブステーション改修工事費
    -> OK  ['無題1', '無題2', '無題3', '無題4', '無題5', '外注先名', '無題6', '担当区域', '無題7', '契約担当', '業務対象', 'ＴＥＬ', '所在地', '業務日', '業務内容', '支払内訳／項目・単価・人員等', '無題8', '無題9', '銀行名：', '支店名：', '口座番号：', '口座名義：']
  [135/214] 報告(表題) 公開型スタジオ・施工に関わる進捗状況に関する報告2
    -> OK  ['起案日', '所属', '起案者', '無題1', '無題2', '無題3', '無題4']
  [136/214] 映像機器レンタルの件
    -> OK  ['起案日', '所属', '起案者', '無題1', '無題2', '無題3', '無題4']
  [137/214] 外注費連絡表（メディア）芳松7月スタッフ応援費
    -> OK  ['無題1', '無題2', '無題3', '無題4', '無題5', '外注先名', '無題6', '担当区域', '無題7', '契約担当', '業務対象', 'ＴＥＬ', '所在地', '業務日', '業務内容', '支払内訳／項目・単価・人員等', '無題8', '無題9', '銀行名：', '支店名：', '口座番号：', 'その他']
  [138/214] 住之江ゼミナール・オフ会（大阪ダービー第42回摂河泉競走）・請書・提出の件
    -> OK  ['起案日', '所属', '起案者', '無題1', '無題2', '無題3', '無題4']
  [139/214] 外注費連絡表（メディア）栗原７月スタッフ応援費
    -> OK  ['無題1', '無題2', '無題3', '無題4', '無題5', '外注先名', '無題6', '担当区域', '無題7', '契約担当', '業務対象', 'ＴＥＬ', '所在地', '業務日', '業務内容', '無題8', '支払内訳／項目・単価・人員等', '無題9', '無題10', '銀行名：', '支店名：', '口座番号：', '口座名義：']
  [140/214] 契約連絡表（経営・企画）11 都市 07/21~07/26 ＧⅢ第36回アサヒビールカップ アクアライブステー
    -> OK  ['契約連絡表', '無題1', '無題2', '無題3', '契約先名', '無題4', '無題5', '契約担当', '業務対象', '所在地', '業務日', '請求内容／項目・単価・人員等', '無題6', '無題7', '無題8', '社名：']
  [141/214] 契約連絡表（経営・企画）選手紹介式等一式
    -> OK  ['契約連絡表', '無題1', '無題2', '無題3', '契約先名', '無題4', '無題5', '契約担当', '業務対象', '所在地', '業務日', '業務内容', '無題6', '請求内容／項目・単価・人員等', '無題7', '無題8', '無題9', '社名：']
  [142/214] イベント用賞品・購入の件（住之江ゼミナールオフ会・摂河泉）
    -> OK  ['起案日', '所属', '起案者', '無題1', '無題2', '無題3', '無題4']
  [143/214] 契約連絡表（経営・企画）10 都市 7/11~7/16 サンケイスポーツ創刊70周年記念 第68回ＧＳＳ競走 
    -> OK  ['契約連絡表', '無題1', '無題2', '無題3', '契約先名', '無題4', '無題5', '契約担当', '業務対象', '所在地', '業務日', '請求内容／項目・単価・人員等', '無題6', '無題7', '無題8', '社名：']
  [144/214] 選手紹介式等一式・大阪ダービー第42回摂河泉競走（08/14～08/19）・契約書・提出の件
    -> OK  ['起案日', '所属', '起案者', '無題1', '無題2', '無題3', '無題4']
  [145/214] 選手紹介式等一式・ＧＩ第53回高松宮記念特別競走（09/08~09/13）企画書・見積書・提出の件
    -> OK  ['起案日', '所属', '起案者', '無題1', '無題2', '無題3', '無題4']
  [146/214] 新スタジオ・映像機器及び音響用ラックテーブル購入の件
    -> OK  ['起案日', '所属', '起案者', '無題1', '無題2', '無題3', '無題4']
  [147/214] 新スタジオ機材・配線等購入の件
    -> OK  ['起案日', '所属', '起案者', '無題1', '無題2', '無題3', '無題4']
  [148/214] 新スタジオ内・各種モニター・購入の件
    -> OK  ['起案日', '所属', '起案者', '無題1', '無題2', '無題3', '無題4']
  [149/214] 選手紹介式等一式・2025モーターボートレディスカップ（05/25～05/30）・請書・提出の件
    -> OK  ['起案日', '所属', '起案者', '無題1', '無題2', '無題3', '無題4']
  [150/214] 契約連絡表（経営・企画）08 箕面・再提出 06/25~06/30 2025モーターボートレディスカップ 式典
    -> OK  ['契約連絡表', '無題1', '無題2', '無題3', '契約先名', '無題4', '無題5', '契約担当', '業務対象', '所在地', '業務日', '請求内容／項目・単価・人員等', '無題6', '無題7', '無題8', '社名：', 'その他']
  [151/214] 外注費連絡表（メディア）プライム・2025モーターボートレディスカップ（6/25_6/30）カメラマン派遣料
    -> OK  ['無題1', '無題2', '無題3', '無題4', '無題5', '外注先名', '無題6', '担当区域', '無題7', '契約担当', '業務対象', 'ＴＥＬ', '所在地', '業務日', '業務内容', '無題8', '支払内訳／項目・単価・人員等', '無題9', '無題10', '支払方法', '銀行名：', '支店名：', '口座番号：']
  [152/214] 契約連絡表（経営・企画）都市 ・令和７年度・小切手パネル制作費
    -> OK  ['契約連絡表', '無題1', '無題2', '無題3', '契約先名', '無題4', '無題5', '契約担当', '業務対象', '所在地', '業務日', '請求内容／項目・単価・人員等', '無題6', '無題7', '無題8', '社名：']
  [153/214] 契約連絡表（経営・企画）09 都市 07/03~07/08 にっぽん未来プロジェクト競走ｉｎ住之江 アクアライ
    -> OK  ['契約連絡表', '無題1', '無題2', '無題3', '契約先名', '無題4', '無題5', '契約担当', '業務対象', '所在地', '業務日', '請求内容／項目・単価・人員等', '無題6', '無題7', '無題8', '社名：']
  [154/214] 報告(表題) 公開型スタジオ・施工に関わる進捗状況に関する報告
    -> OK  ['起案日', '所属', '起案者', '無題1', '無題2', '無題3', '無題4']
  [155/214] 式典（大阪ダービー第42回摂河泉競走）スタッフ応援（山田達也）依頼の件
    -> OK  ['起案日', '所属', '起案者', '無題1', '無題2', '無題3', '無題4']
  [156/214] 式典（ＧⅢ第36回アサヒビールカップ）スタッフ応援（山田達也）依頼の件
    -> OK  ['起案日', '所属', '起案者', '無題1', '無題2', '無題3', '無題4']
  [157/214] ライブ観戦（大型）モニター購入の件
    -> OK  ['起案日', '所属', '起案者', '無題1', '無題2', '無題3', '無題4']
  [158/214] Wi-Fi及び光回線機器・購入の件
    -> OK  ['起案日', '所属', '起案者', '無題1', '無題2', '無題3', '無題4']
  [159/214] 選手紹介式等一式・2025モーターボートレディスカップ（05/25~05/30）・見積書・提出の件
    -> OK  ['起案日', '所属', '起案者', '無題1', '無題2', '無題3', '無題4']
  [160/214] 契約連絡表（経営・企画）08 箕面 06/24~06/29 2025モーターボートレディスカップ 住之江ゼミナ
    -> OK  ['契約連絡表', '無題1', '無題2', '無題3', '契約先名', '無題4', '無題5', '契約担当', '業務対象', '所在地', '業務日', '請求内容／項目・単価・人員等', '無題6', '無題7', '無題8', '社名：']
  [161/214] 契約連絡表（経営・企画）08 箕面 06/25~06/30 2025モーターボートレディスカップ 式典一式
    -> OK  ['契約連絡表', '無題1', '無題2', '無題3', '契約先名', '無題4', '無題5', '契約担当', '業務対象', '所在地', '業務日', '請求内容／項目・単価・人員等', '無題6', '無題7', '無題8', '社名：']
  [162/214] 契約連絡表（経営・企画）08 箕面 06/25~06/30 2025モーターボートレディスカップ アクアライブ
    -> OK  ['契約連絡表', '無題1', '無題2', '無題3', '契約先名', '無題4', '無題5', '契約担当', '業務対象', '所在地', '業務日', '請求内容／項目・単価・人員等', '無題6', '無題7', '無題8', '社名：']
  [163/214] 契約連絡表（経営・企画）関西広告・2025モーターボートレディスカップ・音響スタッフ費
    -> OK  ['契約連絡表', '無題1', '無題2', '無題3', '契約先名', '無題4', '無題5', '契約担当', '業務対象', 'ＴＥＬ', '所在地', '業務日', '業務内容', '無題6', '請求内容／項目・単価・人員等', '無題7', '無題8', '住所：', '無題9', '社名：', '宛先：']
  [164/214] 式典一式（大阪ダービー第42回摂河泉競走）企画書・見積書・提出の件
    -> OK  ['起案日', '所属', '起案者', '無題1', '無題2', '無題3', '無題4']
  [165/214] 外注費連絡表（メディア）栗原・令和７年度・小切手パネル納品（都市）
    -> OK  ['無題1', '無題2', '無題3', '無題4', '無題5', '外注先名', '無題6', '担当区域', '無題7', '契約担当', '業務対象', 'ＴＥＬ', '所在地', '業務日', '業務内容', '無題8', '支払内訳／項目・単価・人員等', '無題9', '無題10', '銀行名：', '支店名：', '口座番号：', '口座名義：']
  [166/214] 外注費連絡表（メディア）栗原・2025モーターボートレディスカップ(6/24_6/30)式典
    -> OK  ['無題1', '無題2', '無題3', '無題4', '無題5', '外注先名', '無題6', '担当区域', '無題7', '契約担当', '業務対象', 'ＴＥＬ', '所在地', '業務日', '業務内容', '支払内訳／項目・単価・人員等', '無題8', '無題9', '銀行名：', '支店名：', '口座番号：', '口座名義：']
  [167/214] 外注費連絡表（メディア）栗原6月スタッフ応援費
    -> OK  ['無題1', '無題2', '無題3', '無題4', '無題5', '外注先名', '無題6', '担当区域', '無題7', '契約担当', '業務対象', 'ＴＥＬ', '所在地', '業務日', '業務内容', '無題8', '支払内訳／項目・単価・人員等', '無題9', '無題10', '銀行名：', '支店名：', '口座番号：', '口座名義：']
  [168/214] 外注費連絡表（メディア）芳松6月スタッフ応援費
    -> OK  ['無題1', '無題2', '無題3', '無題4', '無題5', '外注先名', '無題6', '担当区域', '無題7', '契約担当', '業務対象', 'ＴＥＬ', '所在地', '業務日', '業務内容', '支払内訳／項目・単価・人員等', '無題8', '無題9', '銀行名：', '支店名：', '口座番号：']
  [169/214] SDIケーブル購入の件
    -> OK  ['起案日', '所属', '起案者', '無題1', '無題2', '無題3', '無題4']
  [170/214] 令和６年度・未清算金処理に関わる契約書・提出の件
    -> OK  ['起案日', '所属', '起案者', '無題1', '無題2', '無題3', '無題4']
  [171/214] 契約連絡表（経営・企画）07 箕面 06/14~06/19 第39回住之江王冠競走 住之江ゼミナール
    -> OK  ['契約連絡表', '無題1', '無題2', '無題3', '契約先名', '無題4', '無題5', '契約担当', '業務対象', '所在地', '業務日', '請求内容／項目・単価・人員等', '無題6', '無題7', '無題8', '社名：']
  [172/214] 契約連絡表（経営・企画）07 箕面 06/14~06/19 第39回住之江王冠競走 アクアライブステーション
    -> OK  ['契約連絡表', '無題1', '無題2', '無題3', '契約先名', '無題4', '無題5', '契約担当', '業務対象', '所在地', '業務日', '請求内容／項目・単価・人員等', '無題6', '無題7', '無題8', '社名：']
  [173/214] 契約連絡表（経営・企画）関西広告・日本財団会長旗争奪 第39回住之江王冠競走・音響スタッフ費
    -> OK  ['契約連絡表', '無題1', '無題2', '無題3', '契約先名', '無題4', '無題5', '契約担当', '業務対象', 'ＴＥＬ', '所在地', '業務日', '業務内容', '無題6', '請求内容／項目・単価・人員等', '無題7', '無題8', '住所：', '無題9', '社名：', '宛先：']
  [174/214] 契約連絡表（経営・企画）05 箕面 05/24~05/27 第４３回全国地区選抜戦 住之江ゼミナール
    -> OK  ['契約連絡表', '無題1', '無題2', '無題3', '契約先名', '無題4', '無題5', '契約担当', '業務対象', '所在地', '業務日', '請求内容／項目・単価・人員等', '無題6', '無題7', '無題8', '社名：', 'その他']
  [175/214] アクアライブステーション・公開スタジオ、機材購入の件
    -> OK  ['起案日', '所属', '起案者', '無題1', '無題2', '無題3', '無題4']
  [176/214] BTS新開地への音響機材・譲渡の件
    -> OK  ['起案日', '所属', '起案者', '無題1', '無題2', '無題3', '無題4']
  [177/214] 契約連絡表（経営・企画）05 箕面 05/24~05/27 第４３回全国地区選抜戦 住之江ゼミナール
    -> OK  ['契約連絡表', '無題1', '無題2', '無題3', '契約先名', '無題4', '無題5', '契約担当', '業務対象', '所在地', '業務日', '請求内容／項目・単価・人員等', '無題6', '無題7', '無題8', '社名：', 'その他']
  [178/214] 契約連絡表（経営・企画）06 都市 06/02~06/06 日刊スポーツ旗争奪 第29回ブルースターカップ ニ
    -> OK  ['契約連絡表', '無題1', '無題2', '無題3', '契約先名', '無題4', '無題5', '契約担当', '業務対象', '所在地', '業務日', '請求内容／項目・単価・人員等', '無題6', '無題7', '無題8', '社名：']
  [179/214] 伊丹市・ボートレーサー募集（140期・141期）業務委託・企画・見積書提出の件
    -> OK  ['起案日', '所属', '起案者', '無題1', '無題2', '無題3', '無題4']
  [180/214] 契約連絡表（経営・企画）05 箕面 05/24~05/27 第４３回全国地区選抜戦 住之江ゼミナール
    -> OK  ['契約連絡表', '無題1', '無題2', '無題3', '契約先名', '無題4', '無題5', '契約担当', '業務対象', '所在地', '業務日', '請求内容／項目・単価・人員等', '無題6', '無題7', '無題8', '社名：']
  [181/214] 契約連絡表（経営・企画）05 箕面 05/24~05/28 第４３回全国地区選抜戦 アクアライブステーション
    -> OK  ['契約連絡表', '無題1', '無題2', '無題3', '契約先名', '無題4', '無題5', '契約担当', '業務対象', '所在地', '業務日', '請求内容／項目・単価・人員等', '無題6', '無題7', '無題8', '社名：']
  [182/214] 契約連絡表（経営・企画）関西広告・第４３回全国地区選抜戦・音響スタッフ費
    -> OK  ['契約連絡表', '無題1', '無題2', '無題3', '契約先名', '無題4', '無題5', '契約担当', '業務対象', 'ＴＥＬ', '所在地', '業務日', '業務内容', '無題6', '請求内容／項目・単価・人員等', '無題7', '無題8', '住所：', '無題9', '社名：', '宛先：', 'その他']
  [183/214] 式典（2025モーターボートレディスカップ）スタッフ応援（山田達也）依頼の件
    -> OK  ['起案日', '所属', '起案者', '無題1', '無題2', '無題3', '無題4']
  [184/214] 契約連絡表（経営・企画）関西広告・第４３回全国地区選抜戦・音響スタッフ費
    -> OK  ['契約連絡表', '無題1', '無題2', '無題3', '契約先名', '無題4', '無題5', '契約担当', '業務対象', 'ＴＥＬ', '所在地', '業務日', '業務内容', '無題6', '請求内容／項目・単価・人員等', '無題7', '無題8', '住所：', '無題9', '社名：', '宛先：']
  [185/214] 外注費連絡表（メディア）栗原5月スタッフ応援費
    -> OK  ['無題1', '無題2', '無題3', '無題4', '無題5', '外注先名', '無題6', '担当区域', '無題7', '契約担当', '業務対象', 'ＴＥＬ', '所在地', '業務日', '業務内容', '無題8', '支払内訳／項目・単価・人員等', '無題9', '無題10', '銀行名：', '支店名：', '口座番号：', '口座名義：']
  [186/214] 都市）令和７年度・アクアライブステーション契約書提出の件
    -> OK  ['起案日', '所属', '起案者', '無題1', '無題2', '無題3', '無題4']
  [187/214] 契約連絡表（経営・企画）04 都市 05/13~05/18 スポニチ杯争奪第59回なにわ賞 アクアライブステー
    -> OK  ['契約連絡表', '無題1', '無題2', '無題3', '契約先名', '無題4', '無題5', '契約担当', '業務対象', '所在地', '業務日', '業務内容', '請求内容／項目・単価・人員等', '無題6', '無題7', '無題8', '社名：']
  [188/214] 外注費連絡表（メディア）芳松5月スタッフ応援費
    -> OK  ['無題1', '無題2', '無題3', '無題4', '無題5', '外注先名', '無題6', '担当区域', '無題7', '契約担当', '業務対象', 'ＴＥＬ', '所在地', '業務日', '業務内容', '支払内訳／項目・単価・人員等', '無題8', '無題9', '銀行名：', '支店名：', '口座番号：', 'その他']
  [189/214] 外注費連絡表（メディア）プライム・2025ラピートカップ（5/2_5/7）カメラマン派遣料
    -> OK  ['無題1', '無題2', '無題3', '無題4', '無題5', '外注先名', '無題6', '担当区域', '無題7', '契約担当', '業務対象', 'ＴＥＬ', '所在地', '業務日', '業務内容', '無題8', '支払内訳／項目・単価・人員等', '無題9', '無題10', '支払方法', '銀行名：', '支店名：', '口座番号：']
  [190/214] 令和７年度・実況放送２次使用料（オンリーワン）契約締結の件
    -> OK  ['起案日', '所属', '起案者', '無題1', '無題2', '無題3', '無題4']
  [191/214] 契約連絡表（経営・企画）03 箕面 05/02~05/07 ラピートカップ 式典一式
    -> OK  ['契約連絡表', '無題1', '無題2', '無題3', '契約先名', '無題4', '無題5', '契約担当', '業務対象', '所在地', '業務日', '業務内容', '無題6', '請求内容／項目・単価・人員等', '無題7', '無題8', '無題9', '社名：']
  [192/214] 選手紹介式等一式・2025ラピートカップ（05/02~05/07）・見積書・提出の件
    -> OK  ['起案日', '所属', '起案者', '無題1', '無題2', '無題3', '無題4']
  [193/214] 選手紹介式等一式・2025ラピートカップ（05/02～05/07）・契約書・提出の件
    -> OK  ['起案日', '所属', '起案者', '無題1', '無題2', '無題3', '無題4']
  [194/214] 契約連絡表（経営・企画）関西広告・2025ラピートカップ・音響スタッフ費
    -> OK  ['契約連絡表', '無題1', '無題2', '無題3', '契約先名', '無題4', '無題5', '契約担当', '業務対象', 'ＴＥＬ', '所在地', '業務日', '業務内容', '無題6', '請求内容／項目・単価・人員等', '無題7', '無題8', '住所：', '無題9', '社名：', '宛先：']
  [195/214] 契約連絡表（経営・企画）03 箕面 5/02_5/07 ラピートカップ アクアライブステーション
    -> OK  ['契約連絡表', '無題1', '無題2', '無題3', '契約先名', '無題4', '無題5', '契約担当', '業務対象', '所在地', '業務日', '請求内容／項目・単価・人員等', '無題6', '無題7', '無題8', '社名：']
  [196/214] 契約連絡表（経営・企画）03 箕面 5/02_5/07 ラピートカップ 住之江ゼミナール
    -> OK  ['契約連絡表', '無題1', '無題2', '無題3', '契約先名', '無題4', '無題5', '契約担当', '業務対象', '所在地', '業務日', '業務内容', '無題6', '請求内容／項目・単価・人員等', '無題7', '無題8', '無題9', '社名：']
  [197/214] 外注費連絡表（メディア）プライム・2025ラピートカップ（5/2_5/7）カメラマン派遣料
    -> OK  ['無題1', '無題2', '無題3', '無題4', '無題5', '外注先名', '無題6', '担当区域', '無題7', '契約担当', '業務対象', 'ＴＥＬ', '所在地', '業務日', '業務内容', '無題8', '支払内訳／項目・単価・人員等', '無題9', '無題10', '支払方法', '銀行名：', '支店名：', '口座番号：']
  [198/214] 外注費連絡表（メディア）栗原・2025ラピートカップ(5/2_5/7)式典
    -> OK  ['無題1', '無題2', '無題3', '無題4', '無題5', '外注先名', '無題6', '担当区域', '無題7', '契約担当', '業務対象', 'ＴＥＬ', '所在地', '業務日', '業務内容', '支払内訳／項目・単価・人員等', '無題8', '無題9', '銀行名：', '支店名：', '口座番号：', '口座名義：']
  [199/214] 楽曲再生機（サンプラー）購入の件
    -> OK  ['起案日', '所属', '起案者', '無題1', '無題2', '無題3', '無題4']
  [200/214] 式典（2025ラピートカップ）スタッフ応援（山田達也）依頼の件
    -> OK  ['起案日', '所属', '起案者', '無題1', '無題2', '無題3', '無題4']
  [201/214] 外注費連絡表（メディア）栗原 ４月スタッフ応援費
    -> OK  ['無題1', '無題2', '無題3', '無題4', '無題5', '外注先名', '無題6', '担当区域', '無題7', '契約担当', '業務対象', 'ＴＥＬ', '所在地', '業務日', '業務内容', '無題8', '支払内訳／項目・単価・人員等', '無題9', '無題10', '銀行名：', '支店名：', '口座番号：', '口座名義：']
  [202/214] 外注費連絡表（メディア）栗原・太閤賞(4/12_4/17)式典
    -> OK  ['無題1', '無題2', '無題3', '無題4', '無題5', '外注先名', '無題6', '担当区域', '無題7', '契約担当', '業務対象', 'ＴＥＬ', '所在地', '業務日', '業務内容', '無題8', '支払内訳／項目・単価・人員等', '無題9', '無題10', '銀行名：', '支店名：', '口座番号：', '口座名義：']
  [203/214] ＧⅠ太閤賞競走開設69周年記念（式典一式）契約書・提出の件
    -> OK  ['起案日', '所属', '起案者', '無題1', '無題2', '無題3', '無題4']
  [204/214] 令和７年度・住之江ゼミナール契約書提出の件
    -> OK  ['起案日', '所属', '起案者', '無題1', '無題2', '無題3', '無題4']
  [205/214] 令和７年度・アクアライブステーション契約書提出の件
    -> OK  ['起案日', '所属', '起案者', '無題1', '無題2', '無題3', '無題4']
  [206/214] アクアライブブログ更新料支払いの件
    -> OK  ['起案日', '所属', '起案者', '無題1', '無題2', '無題3', '無題4']
  [207/214] 契約連絡表（経営・企画）
    -> OK  ['契約連絡表', '無題1', '無題2', '無題3', '契約先名', '無題4', '無題5', '契約担当', '業務対象', '所在地', '業務日', '請求内容／項目・単価・人員等', '無題6', '無題7', '無題8', '社名：']
  [208/214] 契約連絡表（経営・企画）
    -> OK  ['契約連絡表', '無題1', '無題2', '無題3', '契約先名', '無題4', '無題5', '契約担当', '業務対象', '所在地', '業務日', '業務内容', '請求内容／項目・単価・人員等', '無題6', '無題7', '無題8', '社名：']
  [209/214] 契約連絡表（経営・企画）
    -> OK  ['契約連絡表', '無題1', '無題2', '無題3', '契約先名', '無題4', '無題5', '契約担当', '業務対象', '所在地', '業務日', '請求内容／項目・単価・人員等', '無題6', '無題7', '無題8', '社名：']
  [210/214] 外注費連絡表（メディア）
    -> OK  ['無題1', '無題2', '無題3', '無題4', '無題5', '外注先名', '無題6', '担当区域', '無題7', '契約担当', '業務対象', 'ＴＥＬ', '所在地', '業務日', '業務内容', '支払内訳／項目・単価・人員等', '無題8', '無題9', '銀行名：', '支店名：', '口座番号：']
  [211/214] 選手紹介式・設営スタッフ昼食代の件
    -> OK  ['起案日', '所属', '起案者', '無題1', '無題2', '無題3', '無題4']
  [212/214] 住之江イベント出演者宿泊費支払の件
    -> OK  ['起案日', '所属', '起案者', '無題1', '無題2', '無題3', '無題4']
  [213/214] 契約連絡表（経営・企画）
    -> OK  ['契約連絡表', '無題1', '無題2', '無題3', '契約先名', '無題4', '無題5', '契約担当', '業務対象', '所在地', '業務日', '請求内容／項目・単価・人員等', '無題6', '無題7', '無題8', '社名：']
  [214/214] 契約連絡表（経営・企画）
    -> OK  ['契約連絡表', '無題1', '無題2', '無題3', '契約先名', '無題4', '無題5', '契約担当', '業務対象', '所在地', '業務日', '請求内容／項目・単価・人員等', '無題6', '無題7', '無題8', '社名：']
[6] 内容取得完了: 成功 214 件 / エラー 0 件

[DONE] 完了（総計 214 件）
