[MODE] 最新ページ更新 (UPDATE)
[1] ログイン中...
[1] ログイン完了
[2] ワークフロー画面へ...
[3] 作成分（完了）を選択中...
[3] '作成分（完了）' 選択完了 → リスト更新待ち...
    frame数: 0
[4] 最新ページを取得中...
    行数: 100
    SAMPLE[0] title='契約連絡表（経営・企画）34 箕面\xa003/04~03/09 ボートピア梅田開設19周年記念競走 住之江ゼミナール'  doc_id=4695
    SAMPLE[1] title='契約連絡表（経営・企画）34 箕面\xa003/04~03/09 ボートピア梅田開設19周年記念競走 アクアライブステーション'  doc_id=4691
    SAMPLE[2] title='第６９回近畿地区選手権競走（式典一式）契約書・提出の件'  doc_id=4676
    → 100 件
[5] 一覧: 全 100 件
    既存キャッシュ: 214 件
    マージ後合計: 214 件
[5] 一覧保存完了（214 件）

[6] 書類内容取得: 0 件（未取得分）
[6] 全件取得済み。スキップ。

[DONE] 完了（総計 214 件）
